Performing C SOURCE FILE Test CMAKE_HAVE_LIBC_PTHREAD failed with the following output:
Change Dir: /home/juuso/cpp_course_visual_slam/build/CMakeFiles/CMakeTmp

Run Build Command(s):/usr/bin/make cmTC_5d0cf/fast && /usr/bin/make -f CMakeFiles/cmTC_5d0cf.dir/build.make CMakeFiles/cmTC_5d0cf.dir/build
make[1]: Entering directory '/home/juuso/cpp_course_visual_slam/build/CMakeFiles/CMakeTmp'
Building C object CMakeFiles/cmTC_5d0cf.dir/src.c.o
/usr/bin/gcc   -DCMAKE_HAVE_LIBC_PTHREAD   -o CMakeFiles/cmTC_5d0cf.dir/src.c.o   -c /home/juuso/cpp_course_visual_slam/build/CMakeFiles/CMakeTmp/src.c
Linking C executable cmTC_5d0cf
/usr/bin/cmake -E cmake_link_script CMakeFiles/cmTC_5d0cf.dir/link.txt --verbose=1
/usr/bin/gcc  -DCMAKE_HAVE_LIBC_PTHREAD    CMakeFiles/cmTC_5d0cf.dir/src.c.o  -o cmTC_5d0cf 
/usr/bin/ld: CMakeFiles/cmTC_5d0cf.dir/src.c.o: in function `main':
src.c:(.text+0x46): undefined reference to `pthread_create'
/usr/bin/ld: src.c:(.text+0x52): undefined reference to `pthread_detach'
/usr/bin/ld: src.c:(.text+0x63): undefined reference to `pthread_join'
collect2: error: ld returned 1 exit status
make[1]: *** [CMakeFiles/cmTC_5d0cf.dir/build.make:87: cmTC_5d0cf] Error 1
make[1]: Leaving directory '/home/juuso/cpp_course_visual_slam/build/CMakeFiles/CMakeTmp'
make: *** [Makefile:121: cmTC_5d0cf/fast] Error 2


Source file was:
#include <pthread.h>

void* test_func(void* data)
{
  return data;
}

int main(void)
{
  pthread_t thread;
  pthread_create(&thread, NULL, test_func, NULL);
  pthread_detach(thread);
  pthread_join(thread, NULL);
  pthread_atfork(NULL, NULL, NULL);
  pthread_exit(NULL);

  return 0;
}

Determining if the function pthread_create exists in the pthreads failed with the following output:
Change Dir: /home/juuso/cpp_course_visual_slam/build/CMakeFiles/CMakeTmp

Run Build Command(s):/usr/bin/make cmTC_2dd44/fast && /usr/bin/make -f CMakeFiles/cmTC_2dd44.dir/build.make CMakeFiles/cmTC_2dd44.dir/build
make[1]: Entering directory '/home/juuso/cpp_course_visual_slam/build/CMakeFiles/CMakeTmp'
Building C object CMakeFiles/cmTC_2dd44.dir/CheckFunctionExists.c.o
/usr/bin/gcc   -DCHECK_FUNCTION_EXISTS=pthread_create   -o CMakeFiles/cmTC_2dd44.dir/CheckFunctionExists.c.o   -c /usr/share/cmake-3.16/Modules/CheckFunctionExists.c
Linking C executable cmTC_2dd44
/usr/bin/cmake -E cmake_link_script CMakeFiles/cmTC_2dd44.dir/link.txt --verbose=1
/usr/bin/gcc  -DCHECK_FUNCTION_EXISTS=pthread_create    CMakeFiles/cmTC_2dd44.dir/CheckFunctionExists.c.o  -o cmTC_2dd44  -lpthreads 
/usr/bin/ld: cannot find -lpthreads
collect2: error: ld returned 1 exit status
make[1]: *** [CMakeFiles/cmTC_2dd44.dir/build.make:87: cmTC_2dd44] Error 1
make[1]: Leaving directory '/home/juuso/cpp_course_visual_slam/build/CMakeFiles/CMakeTmp'
make: *** [Makefile:121: cmTC_2dd44/fast] Error 2



Build output check failed:
    Regex: 'command[- ]line option .* is valid for .* but not for C'
    Output line: 'cc1: warning: command line option ‘-Wnon-virtual-dtor’ is valid for C++/ObjC++ but not for C'
Compilation failed:
    source file: '/home/juuso/cpp_course_visual_slam/build/CMakeFiles/CMakeTmp/src.c'
    check option: ' -fsigned-char -W -Wall -Wreturn-type  -Wnon-virtual-dtor'
===== BUILD LOG =====
Change Dir: /home/juuso/cpp_course_visual_slam/build/CMakeFiles/CMakeTmp

Run Build Command(s):/usr/bin/make cmTC_4616f/fast && /usr/bin/make -f CMakeFiles/cmTC_4616f.dir/build.make CMakeFiles/cmTC_4616f.dir/build
make[1]: Entering directory '/home/juuso/cpp_course_visual_slam/build/CMakeFiles/CMakeTmp'
Building C object CMakeFiles/cmTC_4616f.dir/src.c.o
/usr/bin/gcc   -g -fPIE    -fsigned-char -W -Wall -Wreturn-type  -Wnon-virtual-dtor -o CMakeFiles/cmTC_4616f.dir/src.c.o   -c /home/juuso/cpp_course_visual_slam/build/CMakeFiles/CMakeTmp/src.c
cc1: warning: command line option ‘-Wnon-virtual-dtor’ is valid for C++/ObjC++ but not for C
/home/juuso/cpp_course_visual_slam/build/CMakeFiles/CMakeTmp/src.c:1: warning: ignoring #pragma   [-Wunknown-pragmas]
    1 | #pragma
      | 
Linking C executable cmTC_4616f
/usr/bin/cmake -E cmake_link_script CMakeFiles/cmTC_4616f.dir/link.txt --verbose=1
/usr/bin/gcc   -g    CMakeFiles/cmTC_4616f.dir/src.c.o  -o cmTC_4616f 
make[1]: Leaving directory '/home/juuso/cpp_course_visual_slam/build/CMakeFiles/CMakeTmp'


===== END =====

Build output check failed:
    Regex: 'command[- ]line option .* is valid for .* but not for C\+\+'
    Output line: 'cc1plus: warning: command line option ‘-Wmissing-prototypes’ is valid for C/ObjC but not for C++'
Compilation failed:
    source file: '/home/juuso/cpp_course_visual_slam/build/CMakeFiles/CMakeTmp/src.cxx'
    check option: ' -fsigned-char -W -Wall -Wreturn-type -Wnon-virtual-dtor -Waddress -Wsequence-point -Wformat -Wformat-security -Wmissing-declarations  -Wmissing-prototypes'
===== BUILD LOG =====
Change Dir: /home/juuso/cpp_course_visual_slam/build/CMakeFiles/CMakeTmp

Run Build Command(s):/usr/bin/make cmTC_b5d95/fast && /usr/bin/make -f CMakeFiles/cmTC_b5d95.dir/build.make CMakeFiles/cmTC_b5d95.dir/build
make[1]: Entering directory '/home/juuso/cpp_course_visual_slam/build/CMakeFiles/CMakeTmp'
Building CXX object CMakeFiles/cmTC_b5d95.dir/src.cxx.o
/usr/bin/g++    -g -fPIE    -fsigned-char -W -Wall -Wreturn-type -Wnon-virtual-dtor -Waddress -Wsequence-point -Wformat -Wformat-security -Wmissing-declarations  -Wmissing-prototypes -std=c++11 -o CMakeFiles/cmTC_b5d95.dir/src.cxx.o -c /home/juuso/cpp_course_visual_slam/build/CMakeFiles/CMakeTmp/src.cxx
cc1plus: warning: command line option ‘-Wmissing-prototypes’ is valid for C/ObjC but not for C++
/home/juuso/cpp_course_visual_slam/build/CMakeFiles/CMakeTmp/src.cxx:1: warning: ignoring #pragma   [-Wunknown-pragmas]
    1 | #pragma
      | 
Linking CXX executable cmTC_b5d95
/usr/bin/cmake -E cmake_link_script CMakeFiles/cmTC_b5d95.dir/link.txt --verbose=1
/usr/bin/g++    -g    CMakeFiles/cmTC_b5d95.dir/src.cxx.o  -o cmTC_b5d95 
make[1]: Leaving directory '/home/juuso/cpp_course_visual_slam/build/CMakeFiles/CMakeTmp'


===== END =====

Build output check failed:
    Regex: 'command[- ]line option .* is valid for .* but not for C\+\+'
    Output line: 'cc1plus: warning: command line option ‘-Wstrict-prototypes’ is valid for C/ObjC but not for C++'
Compilation failed:
    source file: '/home/juuso/cpp_course_visual_slam/build/CMakeFiles/CMakeTmp/src.cxx'
    check option: ' -fsigned-char -W -Wall -Wreturn-type -Wnon-virtual-dtor -Waddress -Wsequence-point -Wformat -Wformat-security -Wmissing-declarations  -Wstrict-prototypes'
===== BUILD LOG =====
Change Dir: /home/juuso/cpp_course_visual_slam/build/CMakeFiles/CMakeTmp

Run Build Command(s):/usr/bin/make cmTC_a2d62/fast && /usr/bin/make -f CMakeFiles/cmTC_a2d62.dir/build.make CMakeFiles/cmTC_a2d62.dir/build
make[1]: Entering directory '/home/juuso/cpp_course_visual_slam/build/CMakeFiles/CMakeTmp'
Building CXX object CMakeFiles/cmTC_a2d62.dir/src.cxx.o
/usr/bin/g++    -g -fPIE    -fsigned-char -W -Wall -Wreturn-type -Wnon-virtual-dtor -Waddress -Wsequence-point -Wformat -Wformat-security -Wmissing-declarations  -Wstrict-prototypes -std=c++11 -o CMakeFiles/cmTC_a2d62.dir/src.cxx.o -c /home/juuso/cpp_course_visual_slam/build/CMakeFiles/CMakeTmp/src.cxx
cc1plus: warning: command line option ‘-Wstrict-prototypes’ is valid for C/ObjC but not for C++
/home/juuso/cpp_course_visual_slam/build/CMakeFiles/CMakeTmp/src.cxx:1: warning: ignoring #pragma   [-Wunknown-pragmas]
    1 | #pragma
      | 
Linking CXX executable cmTC_a2d62
/usr/bin/cmake -E cmake_link_script CMakeFiles/cmTC_a2d62.dir/link.txt --verbose=1
/usr/bin/g++    -g    CMakeFiles/cmTC_a2d62.dir/src.cxx.o  -o cmTC_a2d62 
make[1]: Leaving directory '/home/juuso/cpp_course_visual_slam/build/CMakeFiles/CMakeTmp'


===== END =====

Build output check failed:
    Regex: 'command[- ]line option .* is valid for .* but not for C'
    Output line: 'cc1: warning: command line option ‘-Wsign-promo’ is valid for C++/ObjC++ but not for C'
Compilation failed:
    source file: '/home/juuso/cpp_course_visual_slam/build/CMakeFiles/CMakeTmp/src.c'
    check option: ' -fsigned-char -W -Wall -Wreturn-type -Waddress -Wsequence-point -Wformat -Wformat-security -Wmissing-declarations -Wmissing-prototypes -Wstrict-prototypes -Wundef -Winit-self -Wpointer-arith -Wshadow  -Wsign-promo'
===== BUILD LOG =====
Change Dir: /home/juuso/cpp_course_visual_slam/build/CMakeFiles/CMakeTmp

Run Build Command(s):/usr/bin/make cmTC_3759a/fast && /usr/bin/make -f CMakeFiles/cmTC_3759a.dir/build.make CMakeFiles/cmTC_3759a.dir/build
make[1]: Entering directory '/home/juuso/cpp_course_visual_slam/build/CMakeFiles/CMakeTmp'
Building C object CMakeFiles/cmTC_3759a.dir/src.c.o
/usr/bin/gcc   -g -fPIE    -fsigned-char -W -Wall -Wreturn-type -Waddress -Wsequence-point -Wformat -Wformat-security -Wmissing-declarations -Wmissing-prototypes -Wstrict-prototypes -Wundef -Winit-self -Wpointer-arith -Wshadow  -Wsign-promo -o CMakeFiles/cmTC_3759a.dir/src.c.o   -c /home/juuso/cpp_course_visual_slam/build/CMakeFiles/CMakeTmp/src.c
cc1: warning: command line option ‘-Wsign-promo’ is valid for C++/ObjC++ but not for C
/home/juuso/cpp_course_visual_slam/build/CMakeFiles/CMakeTmp/src.c:1: warning: ignoring #pragma   [-Wunknown-pragmas]
    1 | #pragma
      | 
Linking C executable cmTC_3759a
/usr/bin/cmake -E cmake_link_script CMakeFiles/cmTC_3759a.dir/link.txt --verbose=1
/usr/bin/gcc   -g    CMakeFiles/cmTC_3759a.dir/src.c.o  -o cmTC_3759a 
make[1]: Leaving directory '/home/juuso/cpp_course_visual_slam/build/CMakeFiles/CMakeTmp'


===== END =====

Build output check failed:
    Regex: 'command[- ]line option .* is valid for .* but not for C'
    Output line: 'cc1: warning: command line option ‘-Wsuggest-override’ is valid for C++/ObjC++ but not for C'
Compilation failed:
    source file: '/home/juuso/cpp_course_visual_slam/build/CMakeFiles/CMakeTmp/src.c'
    check option: ' -fsigned-char -W -Wall -Wreturn-type -Waddress -Wsequence-point -Wformat -Wformat-security -Wmissing-declarations -Wmissing-prototypes -Wstrict-prototypes -Wundef -Winit-self -Wpointer-arith -Wshadow -Wuninitialized  -Wsuggest-override'
===== BUILD LOG =====
Change Dir: /home/juuso/cpp_course_visual_slam/build/CMakeFiles/CMakeTmp

Run Build Command(s):/usr/bin/make cmTC_331aa/fast && /usr/bin/make -f CMakeFiles/cmTC_331aa.dir/build.make CMakeFiles/cmTC_331aa.dir/build
make[1]: Entering directory '/home/juuso/cpp_course_visual_slam/build/CMakeFiles/CMakeTmp'
Building C object CMakeFiles/cmTC_331aa.dir/src.c.o
/usr/bin/gcc   -g -fPIE    -fsigned-char -W -Wall -Wreturn-type -Waddress -Wsequence-point -Wformat -Wformat-security -Wmissing-declarations -Wmissing-prototypes -Wstrict-prototypes -Wundef -Winit-self -Wpointer-arith -Wshadow -Wuninitialized  -Wsuggest-override -o CMakeFiles/cmTC_331aa.dir/src.c.o   -c /home/juuso/cpp_course_visual_slam/build/CMakeFiles/CMakeTmp/src.c
cc1: warning: command line option ‘-Wsuggest-override’ is valid for C++/ObjC++ but not for C
/home/juuso/cpp_course_visual_slam/build/CMakeFiles/CMakeTmp/src.c:1: warning: ignoring #pragma   [-Wunknown-pragmas]
    1 | #pragma
      | 
Linking C executable cmTC_331aa
/usr/bin/cmake -E cmake_link_script CMakeFiles/cmTC_331aa.dir/link.txt --verbose=1
/usr/bin/gcc   -g    CMakeFiles/cmTC_331aa.dir/src.c.o  -o cmTC_331aa 
make[1]: Leaving directory '/home/juuso/cpp_course_visual_slam/build/CMakeFiles/CMakeTmp'


===== END =====

Build output check failed:
    Regex: 'command[- ]line option .* is valid for .* but not for C'
    Output line: 'cc1: warning: command line option ‘-Wno-delete-non-virtual-dtor’ is valid for C++/ObjC++ but not for C'
Compilation failed:
    source file: '/home/juuso/cpp_course_visual_slam/build/CMakeFiles/CMakeTmp/src.c'
    check option: ' -fsigned-char -W -Wall -Wreturn-type -Waddress -Wsequence-point -Wformat -Wformat-security -Wmissing-declarations -Wmissing-prototypes -Wstrict-prototypes -Wundef -Winit-self -Wpointer-arith -Wshadow -Wuninitialized  -Wno-delete-non-virtual-dtor'
===== BUILD LOG =====
Change Dir: /home/juuso/cpp_course_visual_slam/build/CMakeFiles/CMakeTmp

Run Build Command(s):/usr/bin/make cmTC_d9409/fast && /usr/bin/make -f CMakeFiles/cmTC_d9409.dir/build.make CMakeFiles/cmTC_d9409.dir/build
make[1]: Entering directory '/home/juuso/cpp_course_visual_slam/build/CMakeFiles/CMakeTmp'
Building C object CMakeFiles/cmTC_d9409.dir/src.c.o
/usr/bin/gcc   -g -fPIE    -fsigned-char -W -Wall -Wreturn-type -Waddress -Wsequence-point -Wformat -Wformat-security -Wmissing-declarations -Wmissing-prototypes -Wstrict-prototypes -Wundef -Winit-self -Wpointer-arith -Wshadow -Wuninitialized  -Wno-delete-non-virtual-dtor -o CMakeFiles/cmTC_d9409.dir/src.c.o   -c /home/juuso/cpp_course_visual_slam/build/CMakeFiles/CMakeTmp/src.c
cc1: warning: command line option ‘-Wno-delete-non-virtual-dtor’ is valid for C++/ObjC++ but not for C
/home/juuso/cpp_course_visual_slam/build/CMakeFiles/CMakeTmp/src.c:1: warning: ignoring #pragma   [-Wunknown-pragmas]
    1 | #pragma
      | 
Linking C executable cmTC_d9409
/usr/bin/cmake -E cmake_link_script CMakeFiles/cmTC_d9409.dir/link.txt --verbose=1
/usr/bin/gcc   -g    CMakeFiles/cmTC_d9409.dir/src.c.o  -o cmTC_d9409 
make[1]: Leaving directory '/home/juuso/cpp_course_visual_slam/build/CMakeFiles/CMakeTmp'


===== END =====

Build output check failed:
    Regex: 'unrecognized .*option'
    Output line: 'cc1plus: warning: unrecognized command line option ‘-Wno-unnamed-type-template-args’'
Compilation failed:
    source file: '/home/juuso/cpp_course_visual_slam/build/CMakeFiles/CMakeTmp/src.cxx'
    check option: ' -fsigned-char -W -Wall -Wreturn-type -Wnon-virtual-dtor -Waddress -Wsequence-point -Wformat -Wformat-security -Wmissing-declarations -Wundef -Winit-self -Wpointer-arith -Wshadow -Wsign-promo -Wuninitialized -Wsuggest-override -Wno-delete-non-virtual-dtor  -Wno-unnamed-type-template-args'
===== BUILD LOG =====
Change Dir: /home/juuso/cpp_course_visual_slam/build/CMakeFiles/CMakeTmp

Run Build Command(s):/usr/bin/make cmTC_86536/fast && /usr/bin/make -f CMakeFiles/cmTC_86536.dir/build.make CMakeFiles/cmTC_86536.dir/build
make[1]: Entering directory '/home/juuso/cpp_course_visual_slam/build/CMakeFiles/CMakeTmp'
Building CXX object CMakeFiles/cmTC_86536.dir/src.cxx.o
/usr/bin/g++    -g -fPIE    -fsigned-char -W -Wall -Wreturn-type -Wnon-virtual-dtor -Waddress -Wsequence-point -Wformat -Wformat-security -Wmissing-declarations -Wundef -Winit-self -Wpointer-arith -Wshadow -Wsign-promo -Wuninitialized -Wsuggest-override -Wno-delete-non-virtual-dtor  -Wno-unnamed-type-template-args -std=c++11 -o CMakeFiles/cmTC_86536.dir/src.cxx.o -c /home/juuso/cpp_course_visual_slam/build/CMakeFiles/CMakeTmp/src.cxx
/home/juuso/cpp_course_visual_slam/build/CMakeFiles/CMakeTmp/src.cxx:1: warning: ignoring #pragma   [-Wunknown-pragmas]
    1 | #pragma
      | 
cc1plus: warning: unrecognized command line option ‘-Wno-unnamed-type-template-args’
Linking CXX executable cmTC_86536
/usr/bin/cmake -E cmake_link_script CMakeFiles/cmTC_86536.dir/link.txt --verbose=1
/usr/bin/g++    -g    CMakeFiles/cmTC_86536.dir/src.cxx.o  -o cmTC_86536 
make[1]: Leaving directory '/home/juuso/cpp_course_visual_slam/build/CMakeFiles/CMakeTmp'


===== END =====

Build output check failed:
    Regex: 'unrecognized .*option'
    Output line: 'cc1: warning: unrecognized command line option ‘-Wno-unnamed-type-template-args’'
Compilation failed:
    source file: '/home/juuso/cpp_course_visual_slam/build/CMakeFiles/CMakeTmp/src.c'
    check option: ' -fsigned-char -W -Wall -Wreturn-type -Waddress -Wsequence-point -Wformat -Wformat-security -Wmissing-declarations -Wmissing-prototypes -Wstrict-prototypes -Wundef -Winit-self -Wpointer-arith -Wshadow -Wuninitialized  -Wno-unnamed-type-template-args'
===== BUILD LOG =====
Change Dir: /home/juuso/cpp_course_visual_slam/build/CMakeFiles/CMakeTmp

Run Build Command(s):/usr/bin/make cmTC_59600/fast && /usr/bin/make -f CMakeFiles/cmTC_59600.dir/build.make CMakeFiles/cmTC_59600.dir/build
make[1]: Entering directory '/home/juuso/cpp_course_visual_slam/build/CMakeFiles/CMakeTmp'
Building C object CMakeFiles/cmTC_59600.dir/src.c.o
/usr/bin/gcc   -g -fPIE    -fsigned-char -W -Wall -Wreturn-type -Waddress -Wsequence-point -Wformat -Wformat-security -Wmissing-declarations -Wmissing-prototypes -Wstrict-prototypes -Wundef -Winit-self -Wpointer-arith -Wshadow -Wuninitialized  -Wno-unnamed-type-template-args -o CMakeFiles/cmTC_59600.dir/src.c.o   -c /home/juuso/cpp_course_visual_slam/build/CMakeFiles/CMakeTmp/src.c
/home/juuso/cpp_course_visual_slam/build/CMakeFiles/CMakeTmp/src.c:1: warning: ignoring #pragma   [-Wunknown-pragmas]
    1 | #pragma
      | 
cc1: warning: unrecognized command line option ‘-Wno-unnamed-type-template-args’
Linking C executable cmTC_59600
/usr/bin/cmake -E cmake_link_script CMakeFiles/cmTC_59600.dir/link.txt --verbose=1
/usr/bin/gcc   -g    CMakeFiles/cmTC_59600.dir/src.c.o  -o cmTC_59600 
make[1]: Leaving directory '/home/juuso/cpp_course_visual_slam/build/CMakeFiles/CMakeTmp'


===== END =====

Build output check failed:
    Regex: 'command[- ]line option .* is valid for .* but not for C'
    Output line: 'cc1: warning: command line option ‘-fvisibility-inlines-hidden’ is valid for C++/ObjC++ but not for C'
Compilation failed:
    source file: '/home/juuso/cpp_course_visual_slam/build/CMakeFiles/CMakeTmp/src.c'
    check option: ' -fsigned-char -W -Wall -Wreturn-type -Waddress -Wsequence-point -Wformat -Wformat-security -Wmissing-declarations -Wmissing-prototypes -Wstrict-prototypes -Wundef -Winit-self -Wpointer-arith -Wshadow -Wuninitialized -Wno-comment -Wimplicit-fallthrough=3 -Wno-strict-overflow -fdiagnostics-show-option -Wno-long-long -pthread -fomit-frame-pointer -ffunction-sections -fdata-sections  -msse -msse2 -msse3 -fvisibility=hidden  -fvisibility-inlines-hidden'
===== BUILD LOG =====
Change Dir: /home/juuso/cpp_course_visual_slam/build/CMakeFiles/CMakeTmp

Run Build Command(s):/usr/bin/make cmTC_fb97c/fast && /usr/bin/make -f CMakeFiles/cmTC_fb97c.dir/build.make CMakeFiles/cmTC_fb97c.dir/build
make[1]: Entering directory '/home/juuso/cpp_course_visual_slam/build/CMakeFiles/CMakeTmp'
Building C object CMakeFiles/cmTC_fb97c.dir/src.c.o
/usr/bin/gcc   -g -fPIE    -fsigned-char -W -Wall -Wreturn-type -Waddress -Wsequence-point -Wformat -Wformat-security -Wmissing-declarations -Wmissing-prototypes -Wstrict-prototypes -Wundef -Winit-self -Wpointer-arith -Wshadow -Wuninitialized -Wno-comment -Wimplicit-fallthrough=3 -Wno-strict-overflow -fdiagnostics-show-option -Wno-long-long -pthread -fomit-frame-pointer -ffunction-sections -fdata-sections  -msse -msse2 -msse3 -fvisibility=hidden  -fvisibility-inlines-hidden -o CMakeFiles/cmTC_fb97c.dir/src.c.o   -c /home/juuso/cpp_course_visual_slam/build/CMakeFiles/CMakeTmp/src.c
cc1: warning: command line option ‘-fvisibility-inlines-hidden’ is valid for C++/ObjC++ but not for C
/home/juuso/cpp_course_visual_slam/build/CMakeFiles/CMakeTmp/src.c:1: warning: ignoring #pragma   [-Wunknown-pragmas]
    1 | #pragma
      | 
Linking C executable cmTC_fb97c
/usr/bin/cmake -E cmake_link_script CMakeFiles/cmTC_fb97c.dir/link.txt --verbose=1
/usr/bin/gcc   -g    CMakeFiles/cmTC_fb97c.dir/src.c.o  -o cmTC_fb97c 
make[1]: Leaving directory '/home/juuso/cpp_course_visual_slam/build/CMakeFiles/CMakeTmp'


===== END =====

Determining if the include file io.h exists failed with the following output:
Change Dir: /home/juuso/cpp_course_visual_slam/build/CMakeFiles/CMakeTmp

Run Build Command(s):/usr/bin/make cmTC_c3e1d/fast && /usr/bin/make -f CMakeFiles/cmTC_c3e1d.dir/build.make CMakeFiles/cmTC_c3e1d.dir/build
make[1]: Entering directory '/home/juuso/cpp_course_visual_slam/build/CMakeFiles/CMakeTmp'
Building C object CMakeFiles/cmTC_c3e1d.dir/CheckIncludeFile.c.o
/usr/bin/gcc   -fsigned-char -W -Wall -Wreturn-type -Waddress -Wsequence-point -Wformat -Wformat-security -Wmissing-declarations -Wmissing-prototypes -Wstrict-prototypes -Wundef -Winit-self -Wpointer-arith -Wshadow -Wuninitialized -Wno-comment -Wimplicit-fallthrough=3 -Wno-strict-overflow -fdiagnostics-show-option -Wno-long-long -pthread -fomit-frame-pointer -ffunction-sections -fdata-sections  -msse -msse2 -msse3 -fvisibility=hidden  -g  -O0 -DDEBUG -D_DEBUG -fPIE   -o CMakeFiles/cmTC_c3e1d.dir/CheckIncludeFile.c.o   -c /home/juuso/cpp_course_visual_slam/build/CMakeFiles/CMakeTmp/CheckIncludeFile.c
/home/juuso/cpp_course_visual_slam/build/CMakeFiles/CMakeTmp/CheckIncludeFile.c:1:10: fatal error: io.h: No such file or directory
    1 | #include <io.h>
      |          ^~~~~~
compilation terminated.
make[1]: *** [CMakeFiles/cmTC_c3e1d.dir/build.make:66: CMakeFiles/cmTC_c3e1d.dir/CheckIncludeFile.c.o] Error 1
make[1]: Leaving directory '/home/juuso/cpp_course_visual_slam/build/CMakeFiles/CMakeTmp'
make: *** [Makefile:121: cmTC_c3e1d/fast] Error 2



Determining size of INT8 failed with the following output:
Change Dir: /home/juuso/cpp_course_visual_slam/build/CMakeFiles/CMakeTmp

Run Build Command(s):/usr/bin/make cmTC_0851d/fast && /usr/bin/make -f CMakeFiles/cmTC_0851d.dir/build.make CMakeFiles/cmTC_0851d.dir/build
make[1]: Entering directory '/home/juuso/cpp_course_visual_slam/build/CMakeFiles/CMakeTmp'
Building C object CMakeFiles/cmTC_0851d.dir/int8.c.o
/usr/bin/gcc   -fsigned-char -W -Wall -Wreturn-type -Waddress -Wsequence-point -Wformat -Wformat-security -Wmissing-declarations -Wmissing-prototypes -Wstrict-prototypes -Wundef -Winit-self -Wpointer-arith -Wshadow -Wuninitialized -Wno-comment -Wimplicit-fallthrough=3 -Wno-strict-overflow -fdiagnostics-show-option -Wno-long-long -pthread -fomit-frame-pointer -ffunction-sections -fdata-sections  -msse -msse2 -msse3 -fvisibility=hidden  -g  -O0 -DDEBUG -D_DEBUG -fPIE   -o CMakeFiles/cmTC_0851d.dir/int8.c.o   -c /home/juuso/cpp_course_visual_slam/build/CMakeFiles/CheckTypeSize/int8.c
/home/juuso/cpp_course_visual_slam/build/CMakeFiles/CheckTypeSize/int8.c:23:22: error: ‘INT8’ undeclared here (not in a function); did you mean ‘INT8_C’?
   23 | #define SIZE (sizeof(INT8))
      |                      ^~~~
/home/juuso/cpp_course_visual_slam/build/CMakeFiles/CheckTypeSize/int8.c:25:12: note: in expansion of macro ‘SIZE’
   25 |   ('0' + ((SIZE / 10000)%10)),
      |            ^~~~
make[1]: *** [CMakeFiles/cmTC_0851d.dir/build.make:66: CMakeFiles/cmTC_0851d.dir/int8.c.o] Error 1
make[1]: Leaving directory '/home/juuso/cpp_course_visual_slam/build/CMakeFiles/CMakeTmp'
make: *** [Makefile:121: cmTC_0851d/fast] Error 2


/home/juuso/cpp_course_visual_slam/build/CMakeFiles/CheckTypeSize/int8.c:
#include <sys/types.h>
#include <stdint.h>
#include <stddef.h>


#undef KEY
#if defined(__i386)
# define KEY '_','_','i','3','8','6'
#elif defined(__x86_64)
# define KEY '_','_','x','8','6','_','6','4'
#elif defined(__ppc__)
# define KEY '_','_','p','p','c','_','_'
#elif defined(__ppc64__)
# define KEY '_','_','p','p','c','6','4','_','_'
#elif defined(__aarch64__)
# define KEY '_','_','a','a','r','c','h','6','4','_','_'
#elif defined(__ARM_ARCH_7A__)
# define KEY '_','_','A','R','M','_','A','R','C','H','_','7','A','_','_'
#elif defined(__ARM_ARCH_7S__)
# define KEY '_','_','A','R','M','_','A','R','C','H','_','7','S','_','_'
#endif

#define SIZE (sizeof(INT8))
static char info_size[] =  {'I', 'N', 'F', 'O', ':', 's','i','z','e','[',
  ('0' + ((SIZE / 10000)%10)),
  ('0' + ((SIZE / 1000)%10)),
  ('0' + ((SIZE / 100)%10)),
  ('0' + ((SIZE / 10)%10)),
  ('0' +  (SIZE    % 10)),
  ']',
#ifdef KEY
  ' ','k','e','y','[', KEY, ']',
#endif
  '\0'};

#ifdef __CLASSIC_C__
int main(argc, argv) int argc; char *argv[];
#else
int main(int argc, char *argv[])
#endif
{
  int require = 0;
  require += info_size[argc];
  (void)argv;
  return require;
}


Determining size of INT16 failed with the following output:
Change Dir: /home/juuso/cpp_course_visual_slam/build/CMakeFiles/CMakeTmp

Run Build Command(s):/usr/bin/make cmTC_f8448/fast && /usr/bin/make -f CMakeFiles/cmTC_f8448.dir/build.make CMakeFiles/cmTC_f8448.dir/build
make[1]: Entering directory '/home/juuso/cpp_course_visual_slam/build/CMakeFiles/CMakeTmp'
Building C object CMakeFiles/cmTC_f8448.dir/int16.c.o
/usr/bin/gcc   -fsigned-char -W -Wall -Wreturn-type -Waddress -Wsequence-point -Wformat -Wformat-security -Wmissing-declarations -Wmissing-prototypes -Wstrict-prototypes -Wundef -Winit-self -Wpointer-arith -Wshadow -Wuninitialized -Wno-comment -Wimplicit-fallthrough=3 -Wno-strict-overflow -fdiagnostics-show-option -Wno-long-long -pthread -fomit-frame-pointer -ffunction-sections -fdata-sections  -msse -msse2 -msse3 -fvisibility=hidden  -g  -O0 -DDEBUG -D_DEBUG -fPIE   -o CMakeFiles/cmTC_f8448.dir/int16.c.o   -c /home/juuso/cpp_course_visual_slam/build/CMakeFiles/CheckTypeSize/int16.c
/home/juuso/cpp_course_visual_slam/build/CMakeFiles/CheckTypeSize/int16.c:23:22: error: ‘INT16’ undeclared here (not in a function); did you mean ‘INT16_C’?
   23 | #define SIZE (sizeof(INT16))
      |                      ^~~~~
/home/juuso/cpp_course_visual_slam/build/CMakeFiles/CheckTypeSize/int16.c:25:12: note: in expansion of macro ‘SIZE’
   25 |   ('0' + ((SIZE / 10000)%10)),
      |            ^~~~
make[1]: *** [CMakeFiles/cmTC_f8448.dir/build.make:66: CMakeFiles/cmTC_f8448.dir/int16.c.o] Error 1
make[1]: Leaving directory '/home/juuso/cpp_course_visual_slam/build/CMakeFiles/CMakeTmp'
make: *** [Makefile:121: cmTC_f8448/fast] Error 2


/home/juuso/cpp_course_visual_slam/build/CMakeFiles/CheckTypeSize/int16.c:
#include <sys/types.h>
#include <stdint.h>
#include <stddef.h>


#undef KEY
#if defined(__i386)
# define KEY '_','_','i','3','8','6'
#elif defined(__x86_64)
# define KEY '_','_','x','8','6','_','6','4'
#elif defined(__ppc__)
# define KEY '_','_','p','p','c','_','_'
#elif defined(__ppc64__)
# define KEY '_','_','p','p','c','6','4','_','_'
#elif defined(__aarch64__)
# define KEY '_','_','a','a','r','c','h','6','4','_','_'
#elif defined(__ARM_ARCH_7A__)
# define KEY '_','_','A','R','M','_','A','R','C','H','_','7','A','_','_'
#elif defined(__ARM_ARCH_7S__)
# define KEY '_','_','A','R','M','_','A','R','C','H','_','7','S','_','_'
#endif

#define SIZE (sizeof(INT16))
static char info_size[] =  {'I', 'N', 'F', 'O', ':', 's','i','z','e','[',
  ('0' + ((SIZE / 10000)%10)),
  ('0' + ((SIZE / 1000)%10)),
  ('0' + ((SIZE / 100)%10)),
  ('0' + ((SIZE / 10)%10)),
  ('0' +  (SIZE    % 10)),
  ']',
#ifdef KEY
  ' ','k','e','y','[', KEY, ']',
#endif
  '\0'};

#ifdef __CLASSIC_C__
int main(argc, argv) int argc; char *argv[];
#else
int main(int argc, char *argv[])
#endif
{
  int require = 0;
  require += info_size[argc];
  (void)argv;
  return require;
}


Determining size of INT32 failed with the following output:
Change Dir: /home/juuso/cpp_course_visual_slam/build/CMakeFiles/CMakeTmp

Run Build Command(s):/usr/bin/make cmTC_6689d/fast && /usr/bin/make -f CMakeFiles/cmTC_6689d.dir/build.make CMakeFiles/cmTC_6689d.dir/build
make[1]: Entering directory '/home/juuso/cpp_course_visual_slam/build/CMakeFiles/CMakeTmp'
Building C object CMakeFiles/cmTC_6689d.dir/int32.c.o
/usr/bin/gcc   -fsigned-char -W -Wall -Wreturn-type -Waddress -Wsequence-point -Wformat -Wformat-security -Wmissing-declarations -Wmissing-prototypes -Wstrict-prototypes -Wundef -Winit-self -Wpointer-arith -Wshadow -Wuninitialized -Wno-comment -Wimplicit-fallthrough=3 -Wno-strict-overflow -fdiagnostics-show-option -Wno-long-long -pthread -fomit-frame-pointer -ffunction-sections -fdata-sections  -msse -msse2 -msse3 -fvisibility=hidden  -g  -O0 -DDEBUG -D_DEBUG -fPIE   -o CMakeFiles/cmTC_6689d.dir/int32.c.o   -c /home/juuso/cpp_course_visual_slam/build/CMakeFiles/CheckTypeSize/int32.c
/home/juuso/cpp_course_visual_slam/build/CMakeFiles/CheckTypeSize/int32.c:23:22: error: ‘INT32’ undeclared here (not in a function); did you mean ‘INT32_C’?
   23 | #define SIZE (sizeof(INT32))
      |                      ^~~~~
/home/juuso/cpp_course_visual_slam/build/CMakeFiles/CheckTypeSize/int32.c:25:12: note: in expansion of macro ‘SIZE’
   25 |   ('0' + ((SIZE / 10000)%10)),
      |            ^~~~
make[1]: *** [CMakeFiles/cmTC_6689d.dir/build.make:66: CMakeFiles/cmTC_6689d.dir/int32.c.o] Error 1
make[1]: Leaving directory '/home/juuso/cpp_course_visual_slam/build/CMakeFiles/CMakeTmp'
make: *** [Makefile:121: cmTC_6689d/fast] Error 2


/home/juuso/cpp_course_visual_slam/build/CMakeFiles/CheckTypeSize/int32.c:
#include <sys/types.h>
#include <stdint.h>
#include <stddef.h>


#undef KEY
#if defined(__i386)
# define KEY '_','_','i','3','8','6'
#elif defined(__x86_64)
# define KEY '_','_','x','8','6','_','6','4'
#elif defined(__ppc__)
# define KEY '_','_','p','p','c','_','_'
#elif defined(__ppc64__)
# define KEY '_','_','p','p','c','6','4','_','_'
#elif defined(__aarch64__)
# define KEY '_','_','a','a','r','c','h','6','4','_','_'
#elif defined(__ARM_ARCH_7A__)
# define KEY '_','_','A','R','M','_','A','R','C','H','_','7','A','_','_'
#elif defined(__ARM_ARCH_7S__)
# define KEY '_','_','A','R','M','_','A','R','C','H','_','7','S','_','_'
#endif

#define SIZE (sizeof(INT32))
static char info_size[] =  {'I', 'N', 'F', 'O', ':', 's','i','z','e','[',
  ('0' + ((SIZE / 10000)%10)),
  ('0' + ((SIZE / 1000)%10)),
  ('0' + ((SIZE / 100)%10)),
  ('0' + ((SIZE / 10)%10)),
  ('0' +  (SIZE    % 10)),
  ']',
#ifdef KEY
  ' ','k','e','y','[', KEY, ']',
#endif
  '\0'};

#ifdef __CLASSIC_C__
int main(argc, argv) int argc; char *argv[];
#else
int main(int argc, char *argv[])
#endif
{
  int require = 0;
  require += info_size[argc];
  (void)argv;
  return require;
}


Determining if the function setmode exists failed with the following output:
Change Dir: /home/juuso/cpp_course_visual_slam/build/CMakeFiles/CMakeTmp

Run Build Command(s):/usr/bin/make cmTC_9caf4/fast && /usr/bin/make -f CMakeFiles/cmTC_9caf4.dir/build.make CMakeFiles/cmTC_9caf4.dir/build
make[1]: Entering directory '/home/juuso/cpp_course_visual_slam/build/CMakeFiles/CMakeTmp'
Building C object CMakeFiles/cmTC_9caf4.dir/CheckFunctionExists.c.o
/usr/bin/gcc   -fsigned-char -W -Wall -Wreturn-type -Waddress -Wsequence-point -Wformat -Wformat-security -Wmissing-declarations -Wmissing-prototypes -Wstrict-prototypes -Wundef -Winit-self -Wpointer-arith -Wshadow -Wuninitialized -Wno-comment -Wimplicit-fallthrough=3 -Wno-strict-overflow -fdiagnostics-show-option -Wno-long-long -pthread -fomit-frame-pointer -ffunction-sections -fdata-sections  -msse -msse2 -msse3 -fvisibility=hidden -DCHECK_FUNCTION_EXISTS=setmode -g  -O0 -DDEBUG -D_DEBUG -fPIE   -o CMakeFiles/cmTC_9caf4.dir/CheckFunctionExists.c.o   -c /usr/share/cmake-3.16/Modules/CheckFunctionExists.c
Linking C executable cmTC_9caf4
/usr/bin/cmake -E cmake_link_script CMakeFiles/cmTC_9caf4.dir/link.txt --verbose=1
/usr/bin/gcc    -fsigned-char -W -Wall -Wreturn-type -Waddress -Wsequence-point -Wformat -Wformat-security -Wmissing-declarations -Wmissing-prototypes -Wstrict-prototypes -Wundef -Winit-self -Wpointer-arith -Wshadow -Wuninitialized -Wno-comment -Wimplicit-fallthrough=3 -Wno-strict-overflow -fdiagnostics-show-option -Wno-long-long -pthread -fomit-frame-pointer -ffunction-sections -fdata-sections  -msse -msse2 -msse3 -fvisibility=hidden -DCHECK_FUNCTION_EXISTS=setmode -g  -O0 -DDEBUG -D_DEBUG    -Wl,--gc-sections -Wl,--as-needed -Wl,--no-undefined  CMakeFiles/cmTC_9caf4.dir/CheckFunctionExists.c.o  -o cmTC_9caf4 
/usr/bin/ld: CMakeFiles/cmTC_9caf4.dir/CheckFunctionExists.c.o: in function `main':
/usr/share/cmake-3.16/Modules/CheckFunctionExists.c:17: undefined reference to `setmode'
collect2: error: ld returned 1 exit status
make[1]: *** [CMakeFiles/cmTC_9caf4.dir/build.make:87: cmTC_9caf4] Error 1
make[1]: Leaving directory '/home/juuso/cpp_course_visual_slam/build/CMakeFiles/CMakeTmp'
make: *** [Makefile:121: cmTC_9caf4/fast] Error 2



Build output check failed:
    Regex: 'unrecognized .*option'
    Output line: 'cc1: warning: unrecognized command line option ‘-Wno-array-parameter’'
Compilation failed:
    source file: '/home/juuso/cpp_course_visual_slam/build/CMakeFiles/CMakeTmp/src.c'
    check option: ' -Wno-array-parameter'
===== BUILD LOG =====
Change Dir: /home/juuso/cpp_course_visual_slam/build/CMakeFiles/CMakeTmp

Run Build Command(s):/usr/bin/make cmTC_9e631/fast && /usr/bin/make -f CMakeFiles/cmTC_9e631.dir/build.make CMakeFiles/cmTC_9e631.dir/build
make[1]: Entering directory '/home/juuso/cpp_course_visual_slam/build/CMakeFiles/CMakeTmp'
Building C object CMakeFiles/cmTC_9e631.dir/src.c.o
/usr/bin/gcc   -fsigned-char -W -Wall -Wreturn-type -Waddress -Wsequence-point -Wformat -Wformat-security -Wstrict-prototypes -Winit-self -Wpointer-arith -Wuninitialized -Wno-comment -Wno-strict-overflow -fdiagnostics-show-option -Wno-long-long -pthread -fomit-frame-pointer -ffunction-sections -fdata-sections  -msse -msse2 -msse3 -fvisibility=hidden -Wno-unused-but-set-variable -Wno-missing-prototypes -Wno-missing-declarations -Wno-undef -Wno-unused -Wno-sign-compare -Wno-cast-align -Wno-shadow -Wno-maybe-uninitialized -Wno-pointer-to-int-cast -Wno-int-to-pointer-cast -Wno-misleading-indentation -Wno-implicit-fallthrough -Wno-unused-parameter  -g  -O0 -DDEBUG -D_DEBUG -fPIE    -Wno-array-parameter -o CMakeFiles/cmTC_9e631.dir/src.c.o   -c /home/juuso/cpp_course_visual_slam/build/CMakeFiles/CMakeTmp/src.c
/home/juuso/cpp_course_visual_slam/build/CMakeFiles/CMakeTmp/src.c:1: warning: ignoring #pragma   [-Wunknown-pragmas]
    1 | #pragma
      | 
cc1: warning: unrecognized command line option ‘-Wno-array-parameter’
Linking C executable cmTC_9e631
/usr/bin/cmake -E cmake_link_script CMakeFiles/cmTC_9e631.dir/link.txt --verbose=1
/usr/bin/gcc    -fsigned-char -W -Wall -Wreturn-type -Waddress -Wsequence-point -Wformat -Wformat-security -Wstrict-prototypes -Winit-self -Wpointer-arith -Wuninitialized -Wno-comment -Wno-strict-overflow -fdiagnostics-show-option -Wno-long-long -pthread -fomit-frame-pointer -ffunction-sections -fdata-sections  -msse -msse2 -msse3 -fvisibility=hidden -Wno-unused-but-set-variable -Wno-missing-prototypes -Wno-missing-declarations -Wno-undef -Wno-unused -Wno-sign-compare -Wno-cast-align -Wno-shadow -Wno-maybe-uninitialized -Wno-pointer-to-int-cast -Wno-int-to-pointer-cast -Wno-misleading-indentation -Wno-implicit-fallthrough -Wno-unused-parameter  -g  -O0 -DDEBUG -D_DEBUG    -Wl,--gc-sections -Wl,--as-needed -Wl,--no-undefined  CMakeFiles/cmTC_9e631.dir/src.c.o  -o cmTC_9e631 
make[1]: Leaving directory '/home/juuso/cpp_course_visual_slam/build/CMakeFiles/CMakeTmp'


===== END =====

Build output check failed:
    Regex: 'command[- ]line option .* is valid for .* but not for C\+\+'
    Output line: 'cc1plus: warning: command line option ‘-Wno-missing-prototypes’ is valid for C/ObjC but not for C++'
Compilation failed:
    source file: '/home/juuso/cpp_course_visual_slam/build/CMakeFiles/CMakeTmp/src.cxx'
    check option: ' -Wno-missing-prototypes'
===== BUILD LOG =====
Change Dir: /home/juuso/cpp_course_visual_slam/build/CMakeFiles/CMakeTmp

Run Build Command(s):/usr/bin/make cmTC_99e16/fast && /usr/bin/make -f CMakeFiles/cmTC_99e16.dir/build.make CMakeFiles/cmTC_99e16.dir/build
make[1]: Entering directory '/home/juuso/cpp_course_visual_slam/build/CMakeFiles/CMakeTmp'
Building CXX object CMakeFiles/cmTC_99e16.dir/src.cxx.o
/usr/bin/g++    -fsigned-char -W -Wall -Wreturn-type -Wnon-virtual-dtor -Waddress -Wsequence-point -Wformat -Wformat-security -Wundef -Winit-self -Wpointer-arith -Wshadow -Wsign-promo -Wuninitialized -Wsuggest-override -Wno-delete-non-virtual-dtor -Wno-comment -Wimplicit-fallthrough=3 -Wno-strict-overflow -fdiagnostics-show-option -Wno-long-long -pthread -fomit-frame-pointer -ffunction-sections -fdata-sections  -msse -msse2 -msse3 -fvisibility=hidden -fvisibility-inlines-hidden -Wno-missing-declarations -Wno-unused-parameter  -g  -O0 -DDEBUG -D_DEBUG -fPIE    -Wno-missing-prototypes -std=c++11 -o CMakeFiles/cmTC_99e16.dir/src.cxx.o -c /home/juuso/cpp_course_visual_slam/build/CMakeFiles/CMakeTmp/src.cxx
cc1plus: warning: command line option ‘-Wno-missing-prototypes’ is valid for C/ObjC but not for C++
/home/juuso/cpp_course_visual_slam/build/CMakeFiles/CMakeTmp/src.cxx:1: warning: ignoring #pragma   [-Wunknown-pragmas]
    1 | #pragma
      | 
Linking CXX executable cmTC_99e16
/usr/bin/cmake -E cmake_link_script CMakeFiles/cmTC_99e16.dir/link.txt --verbose=1
/usr/bin/g++     -fsigned-char -W -Wall -Wreturn-type -Wnon-virtual-dtor -Waddress -Wsequence-point -Wformat -Wformat-security -Wundef -Winit-self -Wpointer-arith -Wshadow -Wsign-promo -Wuninitialized -Wsuggest-override -Wno-delete-non-virtual-dtor -Wno-comment -Wimplicit-fallthrough=3 -Wno-strict-overflow -fdiagnostics-show-option -Wno-long-long -pthread -fomit-frame-pointer -ffunction-sections -fdata-sections  -msse -msse2 -msse3 -fvisibility=hidden -fvisibility-inlines-hidden -Wno-missing-declarations -Wno-unused-parameter  -g  -O0 -DDEBUG -D_DEBUG    -Wl,--gc-sections -Wl,--as-needed -Wl,--no-undefined  CMakeFiles/cmTC_99e16.dir/src.cxx.o  -o cmTC_99e16 
make[1]: Leaving directory '/home/juuso/cpp_course_visual_slam/build/CMakeFiles/CMakeTmp'


===== END =====

Build output check failed:
    Regex: 'unrecognized .*option'
    Output line: 'cc1: warning: unrecognized command line option ‘-Wno-implicit-const-int-float-conversion’'
Compilation failed:
    source file: '/home/juuso/cpp_course_visual_slam/build/CMakeFiles/CMakeTmp/src.c'
    check option: ' -Wno-implicit-const-int-float-conversion'
===== BUILD LOG =====
Change Dir: /home/juuso/cpp_course_visual_slam/build/CMakeFiles/CMakeTmp

Run Build Command(s):/usr/bin/make cmTC_15c42/fast && /usr/bin/make -f CMakeFiles/cmTC_15c42.dir/build.make CMakeFiles/cmTC_15c42.dir/build
make[1]: Entering directory '/home/juuso/cpp_course_visual_slam/build/CMakeFiles/CMakeTmp'
Building C object CMakeFiles/cmTC_15c42.dir/src.c.o
/usr/bin/gcc   -fsigned-char -W -Wall -Wreturn-type -Waddress -Wsequence-point -Wformat -Wformat-security -Wmissing-declarations -Wmissing-prototypes -Wstrict-prototypes -Wundef -Winit-self -Wpointer-arith -Wshadow -Wuninitialized -Wno-comment -Wimplicit-fallthrough=3 -Wno-strict-overflow -fdiagnostics-show-option -Wno-long-long -pthread -fomit-frame-pointer -ffunction-sections -fdata-sections  -msse -msse2 -msse3 -fvisibility=hidden  -g  -O0 -DDEBUG -D_DEBUG -fPIE    -Wno-implicit-const-int-float-conversion -o CMakeFiles/cmTC_15c42.dir/src.c.o   -c /home/juuso/cpp_course_visual_slam/build/CMakeFiles/CMakeTmp/src.c
/home/juuso/cpp_course_visual_slam/build/CMakeFiles/CMakeTmp/src.c:1: warning: ignoring #pragma   [-Wunknown-pragmas]
    1 | #pragma
      | 
cc1: warning: unrecognized command line option ‘-Wno-implicit-const-int-float-conversion’
Linking C executable cmTC_15c42
/usr/bin/cmake -E cmake_link_script CMakeFiles/cmTC_15c42.dir/link.txt --verbose=1
/usr/bin/gcc    -fsigned-char -W -Wall -Wreturn-type -Waddress -Wsequence-point -Wformat -Wformat-security -Wmissing-declarations -Wmissing-prototypes -Wstrict-prototypes -Wundef -Winit-self -Wpointer-arith -Wshadow -Wuninitialized -Wno-comment -Wimplicit-fallthrough=3 -Wno-strict-overflow -fdiagnostics-show-option -Wno-long-long -pthread -fomit-frame-pointer -ffunction-sections -fdata-sections  -msse -msse2 -msse3 -fvisibility=hidden  -g  -O0 -DDEBUG -D_DEBUG    -Wl,--gc-sections -Wl,--as-needed -Wl,--no-undefined  CMakeFiles/cmTC_15c42.dir/src.c.o  -o cmTC_15c42 
make[1]: Leaving directory '/home/juuso/cpp_course_visual_slam/build/CMakeFiles/CMakeTmp'


===== END =====

Determining if the _aligned_malloc exist failed with the following output:
Change Dir: /home/juuso/cpp_course_visual_slam/build/CMakeFiles/CMakeTmp

Run Build Command(s):/usr/bin/make cmTC_4eafe/fast && /usr/bin/make -f CMakeFiles/cmTC_4eafe.dir/build.make CMakeFiles/cmTC_4eafe.dir/build
make[1]: Entering directory '/home/juuso/cpp_course_visual_slam/build/CMakeFiles/CMakeTmp'
Building C object CMakeFiles/cmTC_4eafe.dir/CheckSymbolExists.c.o
/usr/bin/gcc   -fsigned-char -W -Wall -Wreturn-type -Waddress -Wsequence-point -Wformat -Wformat-security -Wmissing-declarations -Wmissing-prototypes -Wstrict-prototypes -Wundef -Winit-self -Wpointer-arith -Wshadow -Wuninitialized -Wno-comment -Wimplicit-fallthrough=3 -Wno-strict-overflow -fdiagnostics-show-option -Wno-long-long -pthread -fomit-frame-pointer -ffunction-sections -fdata-sections  -msse -msse2 -msse3 -fvisibility=hidden -Wno-unused-but-set-variable  -g  -O0 -DDEBUG -D_DEBUG -fPIE   -o CMakeFiles/cmTC_4eafe.dir/CheckSymbolExists.c.o   -c /home/juuso/cpp_course_visual_slam/build/CMakeFiles/CMakeTmp/CheckSymbolExists.c
/home/juuso/cpp_course_visual_slam/build/CMakeFiles/CMakeTmp/CheckSymbolExists.c: In function ‘main’:
/home/juuso/cpp_course_visual_slam/build/CMakeFiles/CMakeTmp/CheckSymbolExists.c:8:19: error: ‘_aligned_malloc’ undeclared (first use in this function)
    8 |   return ((int*)(&_aligned_malloc))[argc];
      |                   ^~~~~~~~~~~~~~~
/home/juuso/cpp_course_visual_slam/build/CMakeFiles/CMakeTmp/CheckSymbolExists.c:8:19: note: each undeclared identifier is reported only once for each function it appears in
/home/juuso/cpp_course_visual_slam/build/CMakeFiles/CMakeTmp/CheckSymbolExists.c:4:14: warning: parameter ‘argc’ set but not used [-Wunused-but-set-parameter]
    4 | int main(int argc, char** argv)
      |          ~~~~^~~~
make[1]: *** [CMakeFiles/cmTC_4eafe.dir/build.make:66: CMakeFiles/cmTC_4eafe.dir/CheckSymbolExists.c.o] Error 1
make[1]: Leaving directory '/home/juuso/cpp_course_visual_slam/build/CMakeFiles/CMakeTmp'
make: *** [Makefile:121: cmTC_4eafe/fast] Error 2


File /home/juuso/cpp_course_visual_slam/build/CMakeFiles/CMakeTmp/CheckSymbolExists.c:
/* */
#include <malloc.h>

int main(int argc, char** argv)
{
  (void)argv;
#ifndef _aligned_malloc
  return ((int*)(&_aligned_malloc))[argc];
#else
  (void)argc;
  return 0;
#endif
}
Build output check failed:
    Regex: 'unrecognized .*option'
    Output line: 'cc1plus: warning: unrecognized command line option ‘-Wno-inconsistent-missing-override’'
Compilation failed:
    source file: '/home/juuso/cpp_course_visual_slam/build/CMakeFiles/CMakeTmp/src.cxx'
    check option: ' -Wno-inconsistent-missing-override'
===== BUILD LOG =====
Change Dir: /home/juuso/cpp_course_visual_slam/build/CMakeFiles/CMakeTmp

Run Build Command(s):/usr/bin/make cmTC_d2925/fast && /usr/bin/make -f CMakeFiles/cmTC_d2925.dir/build.make CMakeFiles/cmTC_d2925.dir/build
make[1]: Entering directory '/home/juuso/cpp_course_visual_slam/build/CMakeFiles/CMakeTmp'
Building CXX object CMakeFiles/cmTC_d2925.dir/src.cxx.o
/usr/bin/g++    -fsigned-char -W -Wall -Wreturn-type -Wnon-virtual-dtor -Waddress -Wsequence-point -Wformat -Wformat-security -Winit-self -Wpointer-arith -Wsign-promo -Wno-delete-non-virtual-dtor -Wno-comment -Wimplicit-fallthrough=3 -Wno-strict-overflow -fdiagnostics-show-option -Wno-long-long -pthread -fomit-frame-pointer -ffunction-sections -fdata-sections  -msse -msse2 -msse3 -fvisibility=hidden -fvisibility-inlines-hidden -Wno-shadow -Wno-unused -Wno-sign-compare -Wno-undef -Wno-missing-declarations -Wno-uninitialized -Wno-switch -Wno-parentheses -Wno-array-bounds -Wno-extra -Wno-deprecated-declarations -Wno-misleading-indentation -Wno-deprecated -Wno-suggest-override  -g  -O0 -DDEBUG -D_DEBUG -fPIE    -Wno-inconsistent-missing-override -std=c++11 -o CMakeFiles/cmTC_d2925.dir/src.cxx.o -c /home/juuso/cpp_course_visual_slam/build/CMakeFiles/CMakeTmp/src.cxx
/home/juuso/cpp_course_visual_slam/build/CMakeFiles/CMakeTmp/src.cxx:1: warning: ignoring #pragma   [-Wunknown-pragmas]
    1 | #pragma
      | 
cc1plus: warning: unrecognized command line option ‘-Wno-inconsistent-missing-override’
Linking CXX executable cmTC_d2925
/usr/bin/cmake -E cmake_link_script CMakeFiles/cmTC_d2925.dir/link.txt --verbose=1
/usr/bin/g++     -fsigned-char -W -Wall -Wreturn-type -Wnon-virtual-dtor -Waddress -Wsequence-point -Wformat -Wformat-security -Winit-self -Wpointer-arith -Wsign-promo -Wno-delete-non-virtual-dtor -Wno-comment -Wimplicit-fallthrough=3 -Wno-strict-overflow -fdiagnostics-show-option -Wno-long-long -pthread -fomit-frame-pointer -ffunction-sections -fdata-sections  -msse -msse2 -msse3 -fvisibility=hidden -fvisibility-inlines-hidden -Wno-shadow -Wno-unused -Wno-sign-compare -Wno-undef -Wno-missing-declarations -Wno-uninitialized -Wno-switch -Wno-parentheses -Wno-array-bounds -Wno-extra -Wno-deprecated-declarations -Wno-misleading-indentation -Wno-deprecated -Wno-suggest-override  -g  -O0 -DDEBUG -D_DEBUG    -Wl,--gc-sections -Wl,--as-needed -Wl,--no-undefined  CMakeFiles/cmTC_d2925.dir/src.cxx.o  -o cmTC_d2925 
make[1]: Leaving directory '/home/juuso/cpp_course_visual_slam/build/CMakeFiles/CMakeTmp'


===== END =====

Build output check failed:
    Regex: 'unrecognized .*option'
    Output line: 'cc1plus: warning: unrecognized command line option ‘-Wno-implicit-const-int-float-conversion’'
Compilation failed:
    source file: '/home/juuso/cpp_course_visual_slam/build/CMakeFiles/CMakeTmp/src.cxx'
    check option: ' -Wno-implicit-const-int-float-conversion'
===== BUILD LOG =====
Change Dir: /home/juuso/cpp_course_visual_slam/build/CMakeFiles/CMakeTmp

Run Build Command(s):/usr/bin/make cmTC_fe236/fast && /usr/bin/make -f CMakeFiles/cmTC_fe236.dir/build.make CMakeFiles/cmTC_fe236.dir/build
make[1]: Entering directory '/home/juuso/cpp_course_visual_slam/build/CMakeFiles/CMakeTmp'
Building CXX object CMakeFiles/cmTC_fe236.dir/src.cxx.o
/usr/bin/g++    -fsigned-char -W -Wall -Wreturn-type -Wnon-virtual-dtor -Waddress -Wsequence-point -Wformat -Wformat-security -Winit-self -Wpointer-arith -Wsign-promo -Wno-delete-non-virtual-dtor -Wno-comment -Wno-strict-overflow -fdiagnostics-show-option -Wno-long-long -pthread -fomit-frame-pointer -ffunction-sections -fdata-sections  -msse -msse2 -msse3 -fvisibility=hidden -fvisibility-inlines-hidden -Wno-shadow -Wno-unused -Wno-sign-compare -Wno-undef -Wno-missing-declarations -Wno-uninitialized -Wno-switch -Wno-parentheses -Wno-array-bounds -Wno-extra -Wno-deprecated-declarations -Wno-misleading-indentation -Wno-deprecated -Wno-suggest-override -Wno-implicit-fallthrough -Wno-tautological-compare -Wno-reorder -Wno-unused-result  -g  -O0 -DDEBUG -D_DEBUG -fPIE    -Wno-implicit-const-int-float-conversion -std=c++11 -o CMakeFiles/cmTC_fe236.dir/src.cxx.o -c /home/juuso/cpp_course_visual_slam/build/CMakeFiles/CMakeTmp/src.cxx
/home/juuso/cpp_course_visual_slam/build/CMakeFiles/CMakeTmp/src.cxx:1: warning: ignoring #pragma   [-Wunknown-pragmas]
    1 | #pragma
      | 
cc1plus: warning: unrecognized command line option ‘-Wno-implicit-const-int-float-conversion’
Linking CXX executable cmTC_fe236
/usr/bin/cmake -E cmake_link_script CMakeFiles/cmTC_fe236.dir/link.txt --verbose=1
/usr/bin/g++     -fsigned-char -W -Wall -Wreturn-type -Wnon-virtual-dtor -Waddress -Wsequence-point -Wformat -Wformat-security -Winit-self -Wpointer-arith -Wsign-promo -Wno-delete-non-virtual-dtor -Wno-comment -Wno-strict-overflow -fdiagnostics-show-option -Wno-long-long -pthread -fomit-frame-pointer -ffunction-sections -fdata-sections  -msse -msse2 -msse3 -fvisibility=hidden -fvisibility-inlines-hidden -Wno-shadow -Wno-unused -Wno-sign-compare -Wno-undef -Wno-missing-declarations -Wno-uninitialized -Wno-switch -Wno-parentheses -Wno-array-bounds -Wno-extra -Wno-deprecated-declarations -Wno-misleading-indentation -Wno-deprecated -Wno-suggest-override -Wno-implicit-fallthrough -Wno-tautological-compare -Wno-reorder -Wno-unused-result  -g  -O0 -DDEBUG -D_DEBUG    -Wl,--gc-sections -Wl,--as-needed -Wl,--no-undefined  CMakeFiles/cmTC_fe236.dir/src.cxx.o  -o cmTC_fe236 
make[1]: Leaving directory '/home/juuso/cpp_course_visual_slam/build/CMakeFiles/CMakeTmp'


===== END =====

Determining if the function sgemm_ exists failed with the following output:
Change Dir: /home/juuso/cpp_course_visual_slam/build/CMakeFiles/CMakeTmp

Run Build Command(s):/usr/bin/make cmTC_e5699/fast && /usr/bin/make -f CMakeFiles/cmTC_e5699.dir/build.make CMakeFiles/cmTC_e5699.dir/build
make[1]: Entering directory '/home/juuso/cpp_course_visual_slam/build/CMakeFiles/CMakeTmp'
Building C object CMakeFiles/cmTC_e5699.dir/CheckFunctionExists.c.o
/usr/bin/gcc   -fsigned-char -W -Wall -Wreturn-type -Waddress -Wsequence-point -Wformat -Wformat-security -Wmissing-declarations -Wmissing-prototypes -Wstrict-prototypes -Wundef -Winit-self -Wpointer-arith -Wshadow -Wuninitialized -Wno-comment -Wimplicit-fallthrough=3 -Wno-strict-overflow -fdiagnostics-show-option -Wno-long-long -pthread -fomit-frame-pointer -ffunction-sections -fdata-sections  -msse -msse2 -msse3 -fvisibility=hidden -DCHECK_FUNCTION_EXISTS=sgemm_ -g  -O0 -DDEBUG -D_DEBUG -fPIE   -o CMakeFiles/cmTC_e5699.dir/CheckFunctionExists.c.o   -c /usr/share/cmake-3.16/Modules/CheckFunctionExists.c
Linking C executable cmTC_e5699
/usr/bin/cmake -E cmake_link_script CMakeFiles/cmTC_e5699.dir/link.txt --verbose=1
/usr/bin/gcc    -fsigned-char -W -Wall -Wreturn-type -Waddress -Wsequence-point -Wformat -Wformat-security -Wmissing-declarations -Wmissing-prototypes -Wstrict-prototypes -Wundef -Winit-self -Wpointer-arith -Wshadow -Wuninitialized -Wno-comment -Wimplicit-fallthrough=3 -Wno-strict-overflow -fdiagnostics-show-option -Wno-long-long -pthread -fomit-frame-pointer -ffunction-sections -fdata-sections  -msse -msse2 -msse3 -fvisibility=hidden -DCHECK_FUNCTION_EXISTS=sgemm_ -g  -O0 -DDEBUG -D_DEBUG    -Wl,--gc-sections -Wl,--as-needed -Wl,--no-undefined  CMakeFiles/cmTC_e5699.dir/CheckFunctionExists.c.o  -o cmTC_e5699 
/usr/bin/ld: CMakeFiles/cmTC_e5699.dir/CheckFunctionExists.c.o: in function `main':
/usr/share/cmake-3.16/Modules/CheckFunctionExists.c:17: undefined reference to `sgemm_'
collect2: error: ld returned 1 exit status
make[1]: *** [CMakeFiles/cmTC_e5699.dir/build.make:87: cmTC_e5699] Error 1
make[1]: Leaving directory '/home/juuso/cpp_course_visual_slam/build/CMakeFiles/CMakeTmp'
make: *** [Makefile:121: cmTC_e5699/fast] Error 2



Determining if the function cheev_ exists failed with the following output:
Change Dir: /home/juuso/cpp_course_visual_slam/build/CMakeFiles/CMakeTmp

Run Build Command(s):/usr/bin/make cmTC_057dc/fast && /usr/bin/make -f CMakeFiles/cmTC_057dc.dir/build.make CMakeFiles/cmTC_057dc.dir/build
make[1]: Entering directory '/home/juuso/cpp_course_visual_slam/build/CMakeFiles/CMakeTmp'
Building C object CMakeFiles/cmTC_057dc.dir/CheckFunctionExists.c.o
/usr/bin/gcc   -fsigned-char -W -Wall -Wreturn-type -Waddress -Wsequence-point -Wformat -Wformat-security -Wmissing-declarations -Wmissing-prototypes -Wstrict-prototypes -Wundef -Winit-self -Wpointer-arith -Wshadow -Wuninitialized -Wno-comment -Wimplicit-fallthrough=3 -Wno-strict-overflow -fdiagnostics-show-option -Wno-long-long -pthread -fomit-frame-pointer -ffunction-sections -fdata-sections  -msse -msse2 -msse3 -fvisibility=hidden -DCHECK_FUNCTION_EXISTS=cheev_ -g  -O0 -DDEBUG -D_DEBUG -fPIE   -o CMakeFiles/cmTC_057dc.dir/CheckFunctionExists.c.o   -c /usr/share/cmake-3.16/Modules/CheckFunctionExists.c
Linking C executable cmTC_057dc
/usr/bin/cmake -E cmake_link_script CMakeFiles/cmTC_057dc.dir/link.txt --verbose=1
/usr/bin/gcc    -fsigned-char -W -Wall -Wreturn-type -Waddress -Wsequence-point -Wformat -Wformat-security -Wmissing-declarations -Wmissing-prototypes -Wstrict-prototypes -Wundef -Winit-self -Wpointer-arith -Wshadow -Wuninitialized -Wno-comment -Wimplicit-fallthrough=3 -Wno-strict-overflow -fdiagnostics-show-option -Wno-long-long -pthread -fomit-frame-pointer -ffunction-sections -fdata-sections  -msse -msse2 -msse3 -fvisibility=hidden -DCHECK_FUNCTION_EXISTS=cheev_ -g  -O0 -DDEBUG -D_DEBUG    -Wl,--gc-sections -Wl,--as-needed -Wl,--no-undefined  CMakeFiles/cmTC_057dc.dir/CheckFunctionExists.c.o  -o cmTC_057dc  /usr/lib/x86_64-linux-gnu/libblas.so 
/usr/bin/ld: CMakeFiles/cmTC_057dc.dir/CheckFunctionExists.c.o: in function `main':
/usr/share/cmake-3.16/Modules/CheckFunctionExists.c:17: undefined reference to `cheev_'
collect2: error: ld returned 1 exit status
make[1]: *** [CMakeFiles/cmTC_057dc.dir/build.make:88: cmTC_057dc] Error 1
make[1]: Leaving directory '/home/juuso/cpp_course_visual_slam/build/CMakeFiles/CMakeTmp'
make: *** [Makefile:121: cmTC_057dc/fast] Error 2



Build output check failed:
    Regex: 'unrecognized .*option'
    Output line: 'cc1plus: warning: unrecognized command line option ‘-Wno-tautological-undefined-compare’'
Compilation failed:
    source file: '/home/juuso/cpp_course_visual_slam/build/CMakeFiles/CMakeTmp/src.cxx'
    check option: ' -Wno-tautological-undefined-compare'
===== BUILD LOG =====
Change Dir: /home/juuso/cpp_course_visual_slam/build/CMakeFiles/CMakeTmp

Run Build Command(s):/usr/bin/make cmTC_ee011/fast && /usr/bin/make -f CMakeFiles/cmTC_ee011.dir/build.make CMakeFiles/cmTC_ee011.dir/build
make[1]: Entering directory '/home/juuso/cpp_course_visual_slam/build/CMakeFiles/CMakeTmp'
Building CXX object CMakeFiles/cmTC_ee011.dir/src.cxx.o
/usr/bin/g++    -fsigned-char -W -Wall -Wreturn-type -Wnon-virtual-dtor -Waddress -Wsequence-point -Wformat -Wformat-security -Winit-self -Wpointer-arith -Wuninitialized -Wsuggest-override -Wno-delete-non-virtual-dtor -Wno-comment -Wimplicit-fallthrough=3 -Wno-strict-overflow -fdiagnostics-show-option -Wno-long-long -pthread -fomit-frame-pointer -ffunction-sections -fdata-sections  -msse -msse2 -msse3 -fvisibility=hidden -fvisibility-inlines-hidden -Wno-deprecated -Wno-missing-declarations -Wno-shadow -Wno-unused-parameter -Wno-unused-local-typedefs -Wno-sign-compare -Wno-sign-promo -Wno-undef  -g  -O0 -DDEBUG -D_DEBUG -fPIE    -Wno-tautological-undefined-compare -std=c++11 -o CMakeFiles/cmTC_ee011.dir/src.cxx.o -c /home/juuso/cpp_course_visual_slam/build/CMakeFiles/CMakeTmp/src.cxx
/home/juuso/cpp_course_visual_slam/build/CMakeFiles/CMakeTmp/src.cxx:1: warning: ignoring #pragma   [-Wunknown-pragmas]
    1 | #pragma
      | 
cc1plus: warning: unrecognized command line option ‘-Wno-tautological-undefined-compare’
Linking CXX executable cmTC_ee011
/usr/bin/cmake -E cmake_link_script CMakeFiles/cmTC_ee011.dir/link.txt --verbose=1
/usr/bin/g++     -fsigned-char -W -Wall -Wreturn-type -Wnon-virtual-dtor -Waddress -Wsequence-point -Wformat -Wformat-security -Winit-self -Wpointer-arith -Wuninitialized -Wsuggest-override -Wno-delete-non-virtual-dtor -Wno-comment -Wimplicit-fallthrough=3 -Wno-strict-overflow -fdiagnostics-show-option -Wno-long-long -pthread -fomit-frame-pointer -ffunction-sections -fdata-sections  -msse -msse2 -msse3 -fvisibility=hidden -fvisibility-inlines-hidden -Wno-deprecated -Wno-missing-declarations -Wno-shadow -Wno-unused-parameter -Wno-unused-local-typedefs -Wno-sign-compare -Wno-sign-promo -Wno-undef  -g  -O0 -DDEBUG -D_DEBUG    -Wl,--gc-sections -Wl,--as-needed -Wl,--no-undefined  CMakeFiles/cmTC_ee011.dir/src.cxx.o  -o cmTC_ee011 
make[1]: Leaving directory '/home/juuso/cpp_course_visual_slam/build/CMakeFiles/CMakeTmp'


===== END =====

Build output check failed:
    Regex: 'unrecognized .*option'
    Output line: 'cc1plus: warning: unrecognized command line option ‘-Wno-shorten-64-to-32’'
Compilation failed:
    source file: '/home/juuso/cpp_course_visual_slam/build/CMakeFiles/CMakeTmp/src.cxx'
    check option: ' -Wno-shorten-64-to-32'
===== BUILD LOG =====
Change Dir: /home/juuso/cpp_course_visual_slam/build/CMakeFiles/CMakeTmp

Run Build Command(s):/usr/bin/make cmTC_45ada/fast && /usr/bin/make -f CMakeFiles/cmTC_45ada.dir/build.make CMakeFiles/cmTC_45ada.dir/build
make[1]: Entering directory '/home/juuso/cpp_course_visual_slam/build/CMakeFiles/CMakeTmp'
Building CXX object CMakeFiles/cmTC_45ada.dir/src.cxx.o
/usr/bin/g++    -fsigned-char -W -Wall -Wreturn-type -Wnon-virtual-dtor -Waddress -Wsequence-point -Wformat -Wformat-security -Winit-self -Wpointer-arith -Wuninitialized -Wsuggest-override -Wno-delete-non-virtual-dtor -Wno-comment -Wimplicit-fallthrough=3 -Wno-strict-overflow -fdiagnostics-show-option -Wno-long-long -pthread -fomit-frame-pointer -ffunction-sections -fdata-sections  -msse -msse2 -msse3 -fvisibility=hidden -fvisibility-inlines-hidden -Wno-deprecated -Wno-missing-declarations -Wno-shadow -Wno-unused-parameter -Wno-unused-local-typedefs -Wno-sign-compare -Wno-sign-promo -Wno-undef -Wno-ignored-qualifiers -Wno-extra -Wno-unused-function -Wno-unused-const-variable  -g  -O0 -DDEBUG -D_DEBUG -fPIE    -Wno-shorten-64-to-32 -std=c++11 -o CMakeFiles/cmTC_45ada.dir/src.cxx.o -c /home/juuso/cpp_course_visual_slam/build/CMakeFiles/CMakeTmp/src.cxx
/home/juuso/cpp_course_visual_slam/build/CMakeFiles/CMakeTmp/src.cxx:1: warning: ignoring #pragma   [-Wunknown-pragmas]
    1 | #pragma
      | 
cc1plus: warning: unrecognized command line option ‘-Wno-shorten-64-to-32’
Linking CXX executable cmTC_45ada
/usr/bin/cmake -E cmake_link_script CMakeFiles/cmTC_45ada.dir/link.txt --verbose=1
/usr/bin/g++     -fsigned-char -W -Wall -Wreturn-type -Wnon-virtual-dtor -Waddress -Wsequence-point -Wformat -Wformat-security -Winit-self -Wpointer-arith -Wuninitialized -Wsuggest-override -Wno-delete-non-virtual-dtor -Wno-comment -Wimplicit-fallthrough=3 -Wno-strict-overflow -fdiagnostics-show-option -Wno-long-long -pthread -fomit-frame-pointer -ffunction-sections -fdata-sections  -msse -msse2 -msse3 -fvisibility=hidden -fvisibility-inlines-hidden -Wno-deprecated -Wno-missing-declarations -Wno-shadow -Wno-unused-parameter -Wno-unused-local-typedefs -Wno-sign-compare -Wno-sign-promo -Wno-undef -Wno-ignored-qualifiers -Wno-extra -Wno-unused-function -Wno-unused-const-variable  -g  -O0 -DDEBUG -D_DEBUG    -Wl,--gc-sections -Wl,--as-needed -Wl,--no-undefined  CMakeFiles/cmTC_45ada.dir/src.cxx.o  -o cmTC_45ada 
make[1]: Leaving directory '/home/juuso/cpp_course_visual_slam/build/CMakeFiles/CMakeTmp'


===== END =====

Build output check failed:
    Regex: 'unrecognized .*option'
    Output line: 'cc1plus: warning: unrecognized command line option ‘-Wno-enum-compare-switch’'
Compilation failed:
    source file: '/home/juuso/cpp_course_visual_slam/build/CMakeFiles/CMakeTmp/src.cxx'
    check option: ' -Wno-enum-compare-switch'
===== BUILD LOG =====
Change Dir: /home/juuso/cpp_course_visual_slam/build/CMakeFiles/CMakeTmp

Run Build Command(s):/usr/bin/make cmTC_8d70f/fast && /usr/bin/make -f CMakeFiles/cmTC_8d70f.dir/build.make CMakeFiles/cmTC_8d70f.dir/build
make[1]: Entering directory '/home/juuso/cpp_course_visual_slam/build/CMakeFiles/CMakeTmp'
Building CXX object CMakeFiles/cmTC_8d70f.dir/src.cxx.o
/usr/bin/g++    -fsigned-char -W -Wall -Wreturn-type -Wnon-virtual-dtor -Waddress -Wsequence-point -Wformat -Wformat-security -Winit-self -Wpointer-arith -Wuninitialized -Wsuggest-override -Wno-delete-non-virtual-dtor -Wno-comment -Wimplicit-fallthrough=3 -Wno-strict-overflow -fdiagnostics-show-option -Wno-long-long -pthread -fomit-frame-pointer -ffunction-sections -fdata-sections  -msse -msse2 -msse3 -fvisibility=hidden -fvisibility-inlines-hidden -Wno-deprecated -Wno-missing-declarations -Wno-shadow -Wno-unused-parameter -Wno-unused-local-typedefs -Wno-sign-compare -Wno-sign-promo -Wno-undef -Wno-ignored-qualifiers -Wno-extra -Wno-unused-function -Wno-unused-const-variable -Wno-invalid-offsetof  -g  -O0 -DDEBUG -D_DEBUG -fPIE    -Wno-enum-compare-switch -std=c++11 -o CMakeFiles/cmTC_8d70f.dir/src.cxx.o -c /home/juuso/cpp_course_visual_slam/build/CMakeFiles/CMakeTmp/src.cxx
/home/juuso/cpp_course_visual_slam/build/CMakeFiles/CMakeTmp/src.cxx:1: warning: ignoring #pragma   [-Wunknown-pragmas]
    1 | #pragma
      | 
cc1plus: warning: unrecognized command line option ‘-Wno-enum-compare-switch’
Linking CXX executable cmTC_8d70f
/usr/bin/cmake -E cmake_link_script CMakeFiles/cmTC_8d70f.dir/link.txt --verbose=1
/usr/bin/g++     -fsigned-char -W -Wall -Wreturn-type -Wnon-virtual-dtor -Waddress -Wsequence-point -Wformat -Wformat-security -Winit-self -Wpointer-arith -Wuninitialized -Wsuggest-override -Wno-delete-non-virtual-dtor -Wno-comment -Wimplicit-fallthrough=3 -Wno-strict-overflow -fdiagnostics-show-option -Wno-long-long -pthread -fomit-frame-pointer -ffunction-sections -fdata-sections  -msse -msse2 -msse3 -fvisibility=hidden -fvisibility-inlines-hidden -Wno-deprecated -Wno-missing-declarations -Wno-shadow -Wno-unused-parameter -Wno-unused-local-typedefs -Wno-sign-compare -Wno-sign-promo -Wno-undef -Wno-ignored-qualifiers -Wno-extra -Wno-unused-function -Wno-unused-const-variable -Wno-invalid-offsetof  -g  -O0 -DDEBUG -D_DEBUG    -Wl,--gc-sections -Wl,--as-needed -Wl,--no-undefined  CMakeFiles/cmTC_8d70f.dir/src.cxx.o  -o cmTC_8d70f 
make[1]: Leaving directory '/home/juuso/cpp_course_visual_slam/build/CMakeFiles/CMakeTmp'


===== END =====

Determining if the include file sys/videoio.h exists failed with the following output:
Change Dir: /home/juuso/cpp_course_visual_slam/build/CMakeFiles/CMakeTmp

Run Build Command(s):/usr/bin/make cmTC_1ea12/fast && /usr/bin/make -f CMakeFiles/cmTC_1ea12.dir/build.make CMakeFiles/cmTC_1ea12.dir/build
make[1]: Entering directory '/home/juuso/cpp_course_visual_slam/build/CMakeFiles/CMakeTmp'
Building C object CMakeFiles/cmTC_1ea12.dir/CheckIncludeFile.c.o
/usr/bin/gcc   -fsigned-char -W -Wall -Wreturn-type -Waddress -Wsequence-point -Wformat -Wformat-security -Wmissing-declarations -Wmissing-prototypes -Wstrict-prototypes -Wundef -Winit-self -Wpointer-arith -Wshadow -Wuninitialized -Wno-comment -Wimplicit-fallthrough=3 -Wno-strict-overflow -fdiagnostics-show-option -Wno-long-long -pthread -fomit-frame-pointer -ffunction-sections -fdata-sections  -msse -msse2 -msse3 -fvisibility=hidden  -g  -O0 -DDEBUG -D_DEBUG -fPIE   -o CMakeFiles/cmTC_1ea12.dir/CheckIncludeFile.c.o   -c /home/juuso/cpp_course_visual_slam/build/CMakeFiles/CMakeTmp/CheckIncludeFile.c
/home/juuso/cpp_course_visual_slam/build/CMakeFiles/CMakeTmp/CheckIncludeFile.c:1:10: fatal error: sys/videoio.h: No such file or directory
    1 | #include <sys/videoio.h>
      |          ^~~~~~~~~~~~~~~
compilation terminated.
make[1]: *** [CMakeFiles/cmTC_1ea12.dir/build.make:66: CMakeFiles/cmTC_1ea12.dir/CheckIncludeFile.c.o] Error 1
make[1]: Leaving directory '/home/juuso/cpp_course_visual_slam/build/CMakeFiles/CMakeTmp'
make: *** [Makefile:121: cmTC_1ea12/fast] Error 2



Build output check failed:
    Regex: 'unrecognized .*option'
    Output line: 'cc1plus: warning: unrecognized command line option ‘-Wno-unused-private-field’'
Compilation failed:
    source file: '/home/juuso/cpp_course_visual_slam/build/CMakeFiles/CMakeTmp/src.cxx'
    check option: ' -Wno-unused-private-field'
===== BUILD LOG =====
Change Dir: /home/juuso/cpp_course_visual_slam/build/CMakeFiles/CMakeTmp

Run Build Command(s):/usr/bin/make cmTC_71bc0/fast && /usr/bin/make -f CMakeFiles/cmTC_71bc0.dir/build.make CMakeFiles/cmTC_71bc0.dir/build
make[1]: Entering directory '/home/juuso/cpp_course_visual_slam/build/CMakeFiles/CMakeTmp'
Building CXX object CMakeFiles/cmTC_71bc0.dir/src.cxx.o
/usr/bin/g++    -fsigned-char -W -Wall -Wreturn-type -Wnon-virtual-dtor -Waddress -Wsequence-point -Wformat -Wformat-security -Wmissing-declarations -Wundef -Winit-self -Wpointer-arith -Wshadow -Wsign-promo -Wuninitialized -Wsuggest-override -Wno-delete-non-virtual-dtor -Wno-comment -Wimplicit-fallthrough=3 -Wno-strict-overflow -fdiagnostics-show-option -Wno-long-long -pthread -fomit-frame-pointer -ffunction-sections -fdata-sections  -msse -msse2 -msse3 -fvisibility=hidden -fvisibility-inlines-hidden -Wno-unused-function -Wno-deprecated-declarations -Wno-overloaded-virtual  -g  -O0 -DDEBUG -D_DEBUG -fPIE    -Wno-unused-private-field -std=c++11 -o CMakeFiles/cmTC_71bc0.dir/src.cxx.o -c /home/juuso/cpp_course_visual_slam/build/CMakeFiles/CMakeTmp/src.cxx
/home/juuso/cpp_course_visual_slam/build/CMakeFiles/CMakeTmp/src.cxx:1: warning: ignoring #pragma   [-Wunknown-pragmas]
    1 | #pragma
      | 
cc1plus: warning: unrecognized command line option ‘-Wno-unused-private-field’
Linking CXX executable cmTC_71bc0
/usr/bin/cmake -E cmake_link_script CMakeFiles/cmTC_71bc0.dir/link.txt --verbose=1
/usr/bin/g++     -fsigned-char -W -Wall -Wreturn-type -Wnon-virtual-dtor -Waddress -Wsequence-point -Wformat -Wformat-security -Wmissing-declarations -Wundef -Winit-self -Wpointer-arith -Wshadow -Wsign-promo -Wuninitialized -Wsuggest-override -Wno-delete-non-virtual-dtor -Wno-comment -Wimplicit-fallthrough=3 -Wno-strict-overflow -fdiagnostics-show-option -Wno-long-long -pthread -fomit-frame-pointer -ffunction-sections -fdata-sections  -msse -msse2 -msse3 -fvisibility=hidden -fvisibility-inlines-hidden -Wno-unused-function -Wno-deprecated-declarations -Wno-overloaded-virtual  -g  -O0 -DDEBUG -D_DEBUG    -Wl,--gc-sections -Wl,--as-needed -Wl,--no-undefined  CMakeFiles/cmTC_71bc0.dir/src.cxx.o  -o cmTC_71bc0 
make[1]: Leaving directory '/home/juuso/cpp_course_visual_slam/build/CMakeFiles/CMakeTmp'


===== END =====

